[0m18:13:39.093511 [debug] [MainThread]: Sending event: {'category': 'dbt', 'action': 'invocation', 'label': 'start', 'context': [<snowplow_tracker.self_describing_json.SelfDescribingJson object at 0x7fcd972276d0>, <snowplow_tracker.self_describing_json.SelfDescribingJson object at 0x7fcd96c447c0>, <snowplow_tracker.self_describing_json.SelfDescribingJson object at 0x7fcd957ce710>]}


============================== 18:13:39.098348 | a1961bf8-004b-40f1-a6c9-cd48806b4641 ==============================
[0m18:13:39.098348 [info ] [MainThread]: Running with dbt=1.8.1
[0m18:13:39.099262 [debug] [MainThread]: running dbt with arguments {'printer_width': '80', 'indirect_selection': 'eager', 'log_cache_events': 'False', 'write_json': 'True', 'partial_parse': 'True', 'cache_selected_only': 'False', 'warn_error': 'None', 'fail_fast': 'False', 'debug': 'False', 'log_path': 'logs', 'version_check': 'True', 'profiles_dir': '/config/.dbt', 'use_colors': 'True', 'use_experimental_parser': 'False', 'no_print': 'None', 'quiet': 'False', 'warn_error_options': 'WarnErrorOptions(include=[], exclude=[])', 'static_parser': 'True', 'invocation_command': 'dbt init dbt_modeling', 'log_format': 'default', 'target_path': 'None', 'introspect': 'True', 'send_anonymous_usage_stats': 'True'}
[0m18:13:39.107796 [warn ] [MainThread]: [ConfigFolderDirectory]: Unable to parse dict {'dir': PosixPath('/config/.dbt')}
[0m18:13:39.108964 [info ] [MainThread]: Creating dbt configuration folder at 
[0m18:13:39.110899 [debug] [MainThread]: Starter project path: /config/workspace/jupyterlab-venv/lib/python3.10/site-packages/dbt/include/starter_project
[0m18:13:39.114962 [info ] [MainThread]: 
Your new dbt project "dbt_modeling" was created!

For more information on how to configure the profiles.yml file,
please consult the dbt documentation here:

  https://docs.getdbt.com/docs/configure-your-profile

One more thing:

Need help? Don't hesitate to reach out to us via GitHub issues or on Slack:

  https://community.getdbt.com/

Happy modeling!

[0m18:13:39.115933 [info ] [MainThread]: Setting up your profile.
[0m18:13:49.528783 [error] [MainThread]: Encountered an error:
list index out of range
[0m18:13:49.531099 [error] [MainThread]: Traceback (most recent call last):
  File "/config/workspace/jupyterlab-venv/lib/python3.10/site-packages/dbt/cli/requires.py", line 138, in wrapper
    result, success = func(*args, **kwargs)
  File "/config/workspace/jupyterlab-venv/lib/python3.10/site-packages/dbt/cli/requires.py", line 101, in wrapper
    return func(*args, **kwargs)
  File "/config/workspace/jupyterlab-venv/lib/python3.10/site-packages/dbt/cli/main.py", line 469, in init
    results = task.run()
  File "/config/workspace/jupyterlab-venv/lib/python3.10/site-packages/dbt/task/init.py", line 347, in run
    self.setup_profile(profile_name)
  File "/config/workspace/jupyterlab-venv/lib/python3.10/site-packages/dbt/task/init.py", line 262, in setup_profile
    adapter = self.ask_for_adapter_choice()
  File "/config/workspace/jupyterlab-venv/lib/python3.10/site-packages/dbt/task/init.py", line 244, in ask_for_adapter_choice
    return available_adapters[numeric_choice - 1]
IndexError: list index out of range

[0m18:13:49.535696 [debug] [MainThread]: Resource report: {"command_name": "init", "command_wall_clock_time": 10.513702, "process_user_time": 1.559328, "process_kernel_time": 0.079558, "process_mem_max_rss": "88064", "process_out_blocks": "64", "command_success": false, "process_in_blocks": "0"}
[0m18:13:49.538319 [debug] [MainThread]: Command `dbt init` failed at 18:13:49.536856 after 10.52 seconds
[0m18:13:49.539089 [debug] [MainThread]: Sending event: {'category': 'dbt', 'action': 'invocation', 'label': 'end', 'context': [<snowplow_tracker.self_describing_json.SelfDescribingJson object at 0x7fcd972276d0>, <snowplow_tracker.self_describing_json.SelfDescribingJson object at 0x7fcd957cfb80>, <snowplow_tracker.self_describing_json.SelfDescribingJson object at 0x7fcd958570d0>]}
[0m18:13:49.539751 [debug] [MainThread]: Flushing usage events
[0m18:13:53.732752 [debug] [MainThread]: Sending event: {'category': 'dbt', 'action': 'invocation', 'label': 'start', 'context': [<snowplow_tracker.self_describing_json.SelfDescribingJson object at 0x7fcbed79b640>, <snowplow_tracker.self_describing_json.SelfDescribingJson object at 0x7fcbebd2a860>, <snowplow_tracker.self_describing_json.SelfDescribingJson object at 0x7fcbebee97e0>]}


============================== 18:13:53.736908 | 4f64c979-db1e-49a4-9a29-3a0a4b5ad14a ==============================
[0m18:13:53.736908 [info ] [MainThread]: Running with dbt=1.8.1
[0m18:13:53.737853 [debug] [MainThread]: running dbt with arguments {'printer_width': '80', 'indirect_selection': 'eager', 'log_cache_events': 'False', 'write_json': 'True', 'partial_parse': 'True', 'cache_selected_only': 'False', 'warn_error': 'None', 'version_check': 'True', 'debug': 'False', 'log_path': 'logs', 'fail_fast': 'False', 'profiles_dir': '/config/.dbt', 'use_colors': 'True', 'use_experimental_parser': 'False', 'no_print': 'None', 'quiet': 'False', 'log_format': 'default', 'invocation_command': 'dbt init dbt_modeling', 'warn_error_options': 'WarnErrorOptions(include=[], exclude=[])', 'introspect': 'True', 'target_path': 'None', 'static_parser': 'True', 'send_anonymous_usage_stats': 'True'}
[0m18:13:53.749055 [info ] [MainThread]: A project called dbt_modeling already exists here.
[0m18:13:53.750466 [debug] [MainThread]: Resource report: {"command_name": "init", "command_success": true, "command_wall_clock_time": 0.0911736, "process_user_time": 1.62079, "process_kernel_time": 0.097428, "process_mem_max_rss": "88112", "process_out_blocks": "8", "process_in_blocks": "0"}
[0m18:13:53.751427 [debug] [MainThread]: Command `dbt init` succeeded at 18:13:53.751279 after 0.09 seconds
[0m18:13:53.752110 [debug] [MainThread]: Sending event: {'category': 'dbt', 'action': 'invocation', 'label': 'end', 'context': [<snowplow_tracker.self_describing_json.SelfDescribingJson object at 0x7fcbed79b640>, <snowplow_tracker.self_describing_json.SelfDescribingJson object at 0x7fcbebd29c60>, <snowplow_tracker.self_describing_json.SelfDescribingJson object at 0x7fcbebeeb430>]}
[0m18:13:53.752786 [debug] [MainThread]: Flushing usage events
[0m18:14:42.185020 [debug] [MainThread]: Sending event: {'category': 'dbt', 'action': 'invocation', 'label': 'start', 'context': [<snowplow_tracker.self_describing_json.SelfDescribingJson object at 0x7f02d4b43700>, <snowplow_tracker.self_describing_json.SelfDescribingJson object at 0x7f02d30e3250>, <snowplow_tracker.self_describing_json.SelfDescribingJson object at 0x7f02d30e3a00>]}


============================== 18:14:42.193179 | 03b17b73-42aa-4cea-aa61-ff70cc9b6e31 ==============================
[0m18:14:42.193179 [info ] [MainThread]: Running with dbt=1.8.1
[0m18:14:42.194273 [debug] [MainThread]: running dbt with arguments {'printer_width': '80', 'indirect_selection': 'eager', 'write_json': 'True', 'log_cache_events': 'False', 'partial_parse': 'True', 'cache_selected_only': 'False', 'profiles_dir': '/config/.dbt', 'fail_fast': 'False', 'debug': 'False', 'log_path': 'logs', 'version_check': 'True', 'warn_error': 'None', 'use_colors': 'True', 'use_experimental_parser': 'False', 'no_print': 'None', 'quiet': 'False', 'log_format': 'default', 'invocation_command': 'dbt init dbt_modeling', 'static_parser': 'True', 'warn_error_options': 'WarnErrorOptions(include=[], exclude=[])', 'target_path': 'None', 'introspect': 'True', 'send_anonymous_usage_stats': 'True'}
[0m18:14:42.203641 [debug] [MainThread]: Starter project path: /config/workspace/jupyterlab-venv/lib/python3.10/site-packages/dbt/include/starter_project
[0m18:14:42.209671 [info ] [MainThread]: 
Your new dbt project "dbt_modeling" was created!

For more information on how to configure the profiles.yml file,
please consult the dbt documentation here:

  https://docs.getdbt.com/docs/configure-your-profile

One more thing:

Need help? Don't hesitate to reach out to us via GitHub issues or on Slack:

  https://community.getdbt.com/

Happy modeling!

[0m18:14:42.212844 [info ] [MainThread]: Setting up your profile.
[0m18:14:45.636021 [debug] [MainThread]: Redshift adapter: Setting redshift_connector to ERROR
[0m18:14:45.636989 [debug] [MainThread]: Redshift adapter: Setting redshift_connector.core to ERROR
[0m18:15:29.047685 [error] [MainThread]: Encountered an error:

[0m18:15:29.049600 [error] [MainThread]: Traceback (most recent call last):
  File "/config/workspace/jupyterlab-venv/lib/python3.10/site-packages/dbt/cli/requires.py", line 138, in wrapper
    result, success = func(*args, **kwargs)
  File "/config/workspace/jupyterlab-venv/lib/python3.10/site-packages/dbt/cli/requires.py", line 101, in wrapper
    return func(*args, **kwargs)
  File "/config/workspace/jupyterlab-venv/lib/python3.10/site-packages/dbt/cli/main.py", line 469, in init
    results = task.run()
  File "/config/workspace/jupyterlab-venv/lib/python3.10/site-packages/dbt/task/init.py", line 347, in run
    self.setup_profile(profile_name)
  File "/config/workspace/jupyterlab-venv/lib/python3.10/site-packages/dbt/task/init.py", line 263, in setup_profile
    self.create_profile_from_target(adapter, profile_name=profile_name)
  File "/config/workspace/jupyterlab-venv/lib/python3.10/site-packages/dbt/task/init.py", line 180, in create_profile_from_target
    self.create_profile_from_profile_template(profile_template, profile_name)
  File "/config/workspace/jupyterlab-venv/lib/python3.10/site-packages/dbt/task/init.py", line 164, in create_profile_from_profile_template
    target = self.generate_target_from_input(prompts, initial_target)
  File "/config/workspace/jupyterlab-venv/lib/python3.10/site-packages/dbt/task/init.py", line 114, in generate_target_from_input
    numeric_choice = click.prompt(prompt_msg, type=click.INT)
  File "/config/workspace/jupyterlab-venv/lib/python3.10/site-packages/click/termui.py", line 164, in prompt
    value = prompt_func(prompt)
  File "/config/workspace/jupyterlab-venv/lib/python3.10/site-packages/click/termui.py", line 147, in prompt_func
    raise Abort() from None
click.exceptions.Abort

[0m18:15:29.051191 [debug] [MainThread]: Resource report: {"command_name": "init", "command_wall_clock_time": 46.975662, "process_user_time": 1.776643, "process_kernel_time": 0.118103, "process_mem_max_rss": "100176", "process_out_blocks": "80", "command_success": false, "process_in_blocks": "0"}
[0m18:15:29.052098 [debug] [MainThread]: Command `dbt init` failed at 18:15:29.051959 after 46.98 seconds
[0m18:15:29.052825 [debug] [MainThread]: Sending event: {'category': 'dbt', 'action': 'invocation', 'label': 'end', 'context': [<snowplow_tracker.self_describing_json.SelfDescribingJson object at 0x7f02d4b43700>, <snowplow_tracker.self_describing_json.SelfDescribingJson object at 0x7f02d2a58a00>, <snowplow_tracker.self_describing_json.SelfDescribingJson object at 0x7f02d2a5b550>]}
[0m18:15:29.053408 [debug] [MainThread]: Flushing usage events
[0m18:15:41.801239 [debug] [MainThread]: Sending event: {'category': 'dbt', 'action': 'invocation', 'label': 'start', 'context': [<snowplow_tracker.self_describing_json.SelfDescribingJson object at 0x7f336ca9f670>, <snowplow_tracker.self_describing_json.SelfDescribingJson object at 0x7f336b043c10>, <snowplow_tracker.self_describing_json.SelfDescribingJson object at 0x7f336b0437f0>]}


============================== 18:15:41.805747 | b22e10e1-a11b-4a4e-b4db-6ae87cfdce3b ==============================
[0m18:15:41.805747 [info ] [MainThread]: Running with dbt=1.8.1
[0m18:15:41.807225 [debug] [MainThread]: running dbt with arguments {'printer_width': '80', 'indirect_selection': 'eager', 'log_cache_events': 'False', 'write_json': 'True', 'partial_parse': 'True', 'cache_selected_only': 'False', 'warn_error': 'None', 'version_check': 'True', 'fail_fast': 'False', 'log_path': 'logs', 'profiles_dir': '/config/.dbt', 'debug': 'False', 'use_colors': 'True', 'use_experimental_parser': 'False', 'no_print': 'None', 'quiet': 'False', 'warn_error_options': 'WarnErrorOptions(include=[], exclude=[])', 'invocation_command': 'dbt init dbt_modeling', 'static_parser': 'True', 'log_format': 'default', 'target_path': 'None', 'introspect': 'True', 'send_anonymous_usage_stats': 'True'}
[0m18:15:41.817561 [debug] [MainThread]: Starter project path: /config/workspace/jupyterlab-venv/lib/python3.10/site-packages/dbt/include/starter_project
[0m18:15:41.822105 [info ] [MainThread]: 
Your new dbt project "dbt_modeling" was created!

For more information on how to configure the profiles.yml file,
please consult the dbt documentation here:

  https://docs.getdbt.com/docs/configure-your-profile

One more thing:

Need help? Don't hesitate to reach out to us via GitHub issues or on Slack:

  https://community.getdbt.com/

Happy modeling!

[0m18:15:41.823312 [info ] [MainThread]: Setting up your profile.
[0m18:15:44.638879 [debug] [MainThread]: Redshift adapter: Setting redshift_connector to ERROR
[0m18:15:44.639847 [debug] [MainThread]: Redshift adapter: Setting redshift_connector.core to ERROR
[0m18:20:49.853685 [info ] [MainThread]: Profile dbt_modeling written to /config/.dbt/profiles.yml using target's profile_template.yml and your supplied values. Run 'dbt debug' to validate the connection.
[0m18:20:49.857275 [debug] [MainThread]: Resource report: {"command_name": "init", "command_success": true, "command_wall_clock_time": 308.13782, "process_user_time": 1.675355, "process_kernel_time": 0.07061, "process_mem_max_rss": "100152", "process_out_blocks": "80", "process_in_blocks": "0"}
[0m18:20:49.859387 [debug] [MainThread]: Command `dbt init` succeeded at 18:20:49.859202 after 308.14 seconds
[0m18:20:49.864451 [debug] [MainThread]: Sending event: {'category': 'dbt', 'action': 'invocation', 'label': 'end', 'context': [<snowplow_tracker.self_describing_json.SelfDescribingJson object at 0x7f336ca9f670>, <snowplow_tracker.self_describing_json.SelfDescribingJson object at 0x7f336aa0f1c0>, <snowplow_tracker.self_describing_json.SelfDescribingJson object at 0x7f336b0436d0>]}
[0m18:20:49.866241 [debug] [MainThread]: Flushing usage events
[0m18:21:13.823770 [debug] [MainThread]: Sending event: {'category': 'dbt', 'action': 'invocation', 'label': 'start', 'context': [<snowplow_tracker.self_describing_json.SelfDescribingJson object at 0x7f9474def6d0>, <snowplow_tracker.self_describing_json.SelfDescribingJson object at 0x7f947480c520>, <snowplow_tracker.self_describing_json.SelfDescribingJson object at 0x7f94733d33a0>]}


============================== 18:21:13.828511 | 022d9a8b-30c7-4443-a5ab-a77d7d71ad6b ==============================
[0m18:21:13.828511 [info ] [MainThread]: Running with dbt=1.8.1
[0m18:21:13.829696 [debug] [MainThread]: running dbt with arguments {'printer_width': '80', 'indirect_selection': 'eager', 'write_json': 'True', 'log_cache_events': 'False', 'partial_parse': 'True', 'cache_selected_only': 'False', 'profiles_dir': '/config/.dbt', 'fail_fast': 'False', 'debug': 'False', 'log_path': 'logs', 'warn_error': 'None', 'version_check': 'True', 'use_colors': 'True', 'use_experimental_parser': 'False', 'no_print': 'None', 'quiet': 'False', 'log_format': 'default', 'introspect': 'True', 'warn_error_options': 'WarnErrorOptions(include=[], exclude=[])', 'invocation_command': 'dbt debug', 'target_path': 'None', 'static_parser': 'True', 'send_anonymous_usage_stats': 'True'}
[0m18:21:13.842440 [info ] [MainThread]: dbt version: 1.8.1
[0m18:21:13.843294 [info ] [MainThread]: python version: 3.10.12
[0m18:21:13.844027 [info ] [MainThread]: python path: /config/workspace/jupyterlab-venv/bin/python3
[0m18:21:13.844750 [info ] [MainThread]: os info: Linux-4.14.352-268.568.amzn2.x86_64-x86_64-with-glibc2.35
[0m18:21:13.972730 [debug] [MainThread]: Redshift adapter: Setting redshift_connector to ERROR
[0m18:21:13.973678 [debug] [MainThread]: Redshift adapter: Setting redshift_connector.core to ERROR
[0m18:21:14.054220 [info ] [MainThread]: Using profiles dir at /config/.dbt
[0m18:21:14.055272 [info ] [MainThread]: Using profiles.yml file at /config/.dbt/profiles.yml
[0m18:21:14.056011 [info ] [MainThread]: Using dbt_project.yml file at /config/workspace/dbt_project.yml
[0m18:21:14.056959 [info ] [MainThread]: adapter type: redshift
[0m18:21:14.057832 [info ] [MainThread]: adapter version: 1.8.1
[0m18:21:14.058546 [info ] [MainThread]: Configuration:
[0m18:21:14.059226 [info ] [MainThread]:   profiles.yml file [[32mOK found and valid[0m]
[0m18:21:14.059861 [info ] [MainThread]:   dbt_project.yml file [[31mERROR not found[0m]
[0m18:21:14.060542 [info ] [MainThread]: Required dependencies:
[0m18:21:14.061148 [debug] [MainThread]: Executing "git --help"
[0m18:21:14.070078 [debug] [MainThread]: STDOUT: "b"usage: git [--version] [--help] [-C <path>] [-c <name>=<value>]\n           [--exec-path[=<path>]] [--html-path] [--man-path] [--info-path]\n           [-p | --paginate | -P | --no-pager] [--no-replace-objects] [--bare]\n           [--git-dir=<path>] [--work-tree=<path>] [--namespace=<name>]\n           [--super-prefix=<path>] [--config-env=<name>=<envvar>]\n           <command> [<args>]\n\nThese are common Git commands used in various situations:\n\nstart a working area (see also: git help tutorial)\n   clone     Clone a repository into a new directory\n   init      Create an empty Git repository or reinitialize an existing one\n\nwork on the current change (see also: git help everyday)\n   add       Add file contents to the index\n   mv        Move or rename a file, a directory, or a symlink\n   restore   Restore working tree files\n   rm        Remove files from the working tree and from the index\n\nexamine the history and state (see also: git help revisions)\n   bisect    Use binary search to find the commit that introduced a bug\n   diff      Show changes between commits, commit and working tree, etc\n   grep      Print lines matching a pattern\n   log       Show commit logs\n   show      Show various types of objects\n   status    Show the working tree status\n\ngrow, mark and tweak your common history\n   branch    List, create, or delete branches\n   commit    Record changes to the repository\n   merge     Join two or more development histories together\n   rebase    Reapply commits on top of another base tip\n   reset     Reset current HEAD to the specified state\n   switch    Switch branches\n   tag       Create, list, delete or verify a tag object signed with GPG\n\ncollaborate (see also: git help workflows)\n   fetch     Download objects and refs from another repository\n   pull      Fetch from and integrate with another repository or a local branch\n   push      Update remote refs along with associated objects\n\n'git help -a' and 'git help -g' list available subcommands and some\nconcept guides. See 'git help <command>' or 'git help <concept>'\nto read about a specific subcommand or concept.\nSee 'git help git' for an overview of the system.\n""
[0m18:21:14.071099 [debug] [MainThread]: STDERR: "b''"
[0m18:21:14.071787 [info ] [MainThread]:  - git [[32mOK found[0m]

[0m18:21:14.072485 [info ] [MainThread]: Connection:
[0m18:21:14.073492 [info ] [MainThread]:   host: de-c4w4a1-redshift-cluster.cwg7n3eztchi.us-east-1.redshift.amazonaws.com
[0m18:21:14.074181 [info ] [MainThread]:   user: defaultuser
[0m18:21:14.074863 [info ] [MainThread]:   port: 5439
[0m18:21:14.075532 [info ] [MainThread]:   database: dev
[0m18:21:14.076217 [info ] [MainThread]:   method: database
[0m18:21:14.076883 [info ] [MainThread]:   cluster_id: None
[0m18:21:14.077425 [info ] [MainThread]:   iam_profile: None
[0m18:21:14.078088 [info ] [MainThread]:   schema: deftunes_serving
[0m18:21:14.078717 [info ] [MainThread]:   sslmode: prefer
[0m18:21:14.079400 [info ] [MainThread]:   region: None
[0m18:21:14.080038 [info ] [MainThread]:   sslmode: prefer
[0m18:21:14.080715 [info ] [MainThread]:   region: None
[0m18:21:14.081347 [info ] [MainThread]:   iam_profile: None
[0m18:21:14.081915 [info ] [MainThread]:   autocreate: False
[0m18:21:14.082593 [info ] [MainThread]:   db_groups: []
[0m18:21:14.083271 [info ] [MainThread]:   ra3_node: False
[0m18:21:14.084282 [info ] [MainThread]:   connect_timeout: None
[0m18:21:14.084994 [info ] [MainThread]:   role: None
[0m18:21:14.085640 [info ] [MainThread]:   retries: 1
[0m18:21:14.086289 [info ] [MainThread]:   autocommit: True
[0m18:21:14.087108 [info ] [MainThread]: Registered adapter: redshift=1.8.1
[0m18:21:14.096872 [debug] [MainThread]: Acquiring new redshift connection 'debug'
[0m18:21:14.115463 [debug] [MainThread]: Using redshift connection "debug"
[0m18:21:14.117026 [debug] [MainThread]: On debug: select 1 as id
[0m18:21:14.119849 [debug] [MainThread]: Opening a new connection, currently in state init
[0m18:21:14.133104 [debug] [MainThread]: Redshift adapter: Establishing connection using ssl with `sslmode` set to 'prefer'.To connect without ssl, set `sslmode` to 'disable'.
[0m18:21:14.138466 [debug] [MainThread]: Redshift adapter: Connecting to redshift with username/password based auth...
[0m18:21:14.300730 [debug] [MainThread]: SQL status: SUCCESS in 0.181 seconds
[0m18:21:14.302571 [debug] [MainThread]: On debug: Close
[0m18:21:14.303747 [info ] [MainThread]:   Connection test: [[32mOK connection ok[0m]

[0m18:21:14.304636 [info ] [MainThread]: [31m1 check failed:[0m
[0m18:21:14.305378 [info ] [MainThread]: Project loading failed for the following reason:
 project path </config/workspace/dbt_project.yml> not found

[0m18:21:14.306851 [debug] [MainThread]: Resource report: {"command_name": "debug", "command_wall_clock_time": 0.5899285, "process_user_time": 2.63187, "process_kernel_time": 0.160798, "process_mem_max_rss": "102836", "process_out_blocks": "24", "command_success": false, "process_in_blocks": "0"}
[0m18:21:14.307801 [debug] [MainThread]: Command `dbt debug` failed at 18:21:14.307620 after 0.59 seconds
[0m18:21:14.308617 [debug] [MainThread]: Connection 'debug' was properly closed.
[0m18:21:14.309820 [debug] [MainThread]: Sending event: {'category': 'dbt', 'action': 'invocation', 'label': 'end', 'context': [<snowplow_tracker.self_describing_json.SelfDescribingJson object at 0x7f9474def6d0>, <snowplow_tracker.self_describing_json.SelfDescribingJson object at 0x7f947480c7c0>, <snowplow_tracker.self_describing_json.SelfDescribingJson object at 0x7f9472309270>]}
[0m18:21:14.311026 [debug] [MainThread]: Flushing usage events
